<?xml version="1.0" encoding="UTF-8"?>
<!-- Generated by org.testng.reporters.JUnitReportReporter -->
<testsuite hostname="Z422" failures="0" tests="3" name="StepDefinitions.TestRunner.CucumberTestRunner" time="87.632" errors="0" timestamp="2024-01-27T13:52:47 IST" skipped="0">
  <testcase classname="StepDefinitions.TestRunner.CucumberTestRunner" name="runScenario" time="31.587"/>
  <testcase classname="StepDefinitions.TestRunner.CucumberTestRunner" name="runScenario" time="27.657"/>
  <testcase classname="StepDefinitions.TestRunner.CucumberTestRunner" name="runScenario" time="28.388"/>
</testsuite> <!-- StepDefinitions.TestRunner.CucumberTestRunner -->
