<?xml version="1.0" encoding="UTF-8"?>
<!-- Generated by org.testng.reporters.JUnitReportReporter -->
<testsuite hostname="Z422" failures="0" tests="3" name="StepDefinitions.TestRunner.CucumberTestRunner" time="116.723" errors="0" timestamp="2024-01-27T13:49:34 IST" skipped="0">
  <testcase classname="StepDefinitions.TestRunner.CucumberTestRunner" name="runScenario" time="27.843"/>
  <testcase classname="StepDefinitions.TestRunner.CucumberTestRunner" name="runScenario" time="26.634"/>
  <testcase classname="StepDefinitions.TestRunner.CucumberTestRunner" name="runScenario" time="62.246"/>
</testsuite> <!-- StepDefinitions.TestRunner.CucumberTestRunner -->
